[2026-03-23T07:06:15.930Z] info: kubernetes.yaml was copied to the config folder
[2026-03-23T07:06:46.726Z] info: docker.yaml was copied to the config folder
[2026-03-23T07:06:46.729Z] info: proxmox.yaml was copied to the config folder
[2026-03-23T07:06:46.742Z] info: widgets.yaml was copied to the config folder
[2026-03-23T07:06:46.742Z] info: custom.css was copied to the config folder
[2026-03-23T07:06:46.743Z] info: custom.js was copied to the config folder
[2026-03-23T07:21:23.284Z] error: <httpProxy> Error calling http://pihole/...
[2026-03-23T07:21:23.289Z] error: <httpProxy> [
  500,
  [Error: Parse Error: Data after `Connection: close`] {
    bytesParsed: 577,
    code: 'HPE_CLOSED_CONNECTION',
    reason: 'Data after `Connection: close`',
    rawPacket: <Buffer 48 54 54 50 2f 31 2e 31 20 34 30 33 20 46 6f 72 62 69 64 64 65 6e 0d 0a 43 61 63 68 65 2d 43 6f 6e 74 72 6f 6c 3a 20 6e 6f 2d 63 61 63 68 65 2c 20 6e ... 3959 more bytes>
  }
]
[2026-03-23T07:21:53.249Z] error: <httpProxy> Error calling http://pihole/...
[2026-03-23T07:21:53.251Z] error: <httpProxy> [
  500,
  [Error: Parse Error: Data after `Connection: close`] {
    bytesParsed: 577,
    code: 'HPE_CLOSED_CONNECTION',
    reason: 'Data after `Connection: close`',
    rawPacket: <Buffer 48 54 54 50 2f 31 2e 31 20 34 30 33 20 46 6f 72 62 69 64 64 65 6e 0d 0a 43 61 63 68 65 2d 43 6f 6e 74 72 6f 6c 3a 20 6e 6f 2d 63 61 63 68 65 2c 20 6e ... 3959 more bytes>
  }
]
[2026-03-23T07:22:23.316Z] error: <httpProxy> Error calling http://pihole/...
[2026-03-23T07:22:23.318Z] error: <httpProxy> [
  500,
  [Error: Parse Error: Data after `Connection: close`] {
    bytesParsed: 577,
    code: 'HPE_CLOSED_CONNECTION',
    reason: 'Data after `Connection: close`',
    rawPacket: <Buffer 48 54 54 50 2f 31 2e 31 20 34 30 33 20 46 6f 72 62 69 64 64 65 6e 0d 0a 43 61 63 68 65 2d 43 6f 6e 74 72 6f 6c 3a 20 6e 6f 2d 63 61 63 68 65 2c 20 6e ... 3959 more bytes>
  }
]
[2026-03-23T07:22:53.372Z] error: <httpProxy> Error calling http://pihole/...
[2026-03-23T07:22:53.374Z] error: <httpProxy> [
  500,
  [Error: Parse Error: Data after `Connection: close`] {
    bytesParsed: 577,
    code: 'HPE_CLOSED_CONNECTION',
    reason: 'Data after `Connection: close`',
    rawPacket: <Buffer 48 54 54 50 2f 31 2e 31 20 34 30 33 20 46 6f 72 62 69 64 64 65 6e 0d 0a 43 61 63 68 65 2d 43 6f 6e 74 72 6f 6c 3a 20 6e 6f 2d 63 61 63 68 65 2c 20 6e ... 3959 more bytes>
  }
]
[2026-03-23T07:23:23.427Z] error: <httpProxy> Error calling http://pihole/...
[2026-03-23T07:23:23.428Z] error: <httpProxy> [
  500,
  [Error: Parse Error: Data after `Connection: close`] {
    bytesParsed: 577,
    code: 'HPE_CLOSED_CONNECTION',
    reason: 'Data after `Connection: close`',
    rawPacket: <Buffer 48 54 54 50 2f 31 2e 31 20 34 30 33 20 46 6f 72 62 69 64 64 65 6e 0d 0a 43 61 63 68 65 2d 43 6f 6e 74 72 6f 6c 3a 20 6e 6f 2d 63 61 63 68 65 2c 20 6e ... 3959 more bytes>
  }
]
[2026-03-23T07:23:53.476Z] error: <httpProxy> Error calling http://pihole/...
[2026-03-23T07:23:53.477Z] error: <httpProxy> [
  500,
  [Error: Parse Error: Data after `Connection: close`] {
    bytesParsed: 577,
    code: 'HPE_CLOSED_CONNECTION',
    reason: 'Data after `Connection: close`',
    rawPacket: <Buffer 48 54 54 50 2f 31 2e 31 20 34 30 33 20 46 6f 72 62 69 64 64 65 6e 0d 0a 43 61 63 68 65 2d 43 6f 6e 74 72 6f 6c 3a 20 6e 6f 2d 63 61 63 68 65 2c 20 6e ... 3959 more bytes>
  }
]
[2026-03-23T07:24:29.712Z] error: <httpProxy> Error calling http://pihole/...
[2026-03-23T07:24:29.713Z] error: <httpProxy> [
  500,
  [Error: Parse Error: Data after `Connection: close`] {
    bytesParsed: 577,
    code: 'HPE_CLOSED_CONNECTION',
    reason: 'Data after `Connection: close`',
    rawPacket: <Buffer 48 54 54 50 2f 31 2e 31 20 34 30 33 20 46 6f 72 62 69 64 64 65 6e 0d 0a 43 61 63 68 65 2d 43 6f 6e 74 72 6f 6c 3a 20 6e 6f 2d 63 61 63 68 65 2c 20 6e ... 3959 more bytes>
  }
]
[2026-03-23T07:24:53.567Z] error: <httpProxy> Error calling http://pihole/...
[2026-03-23T07:24:53.568Z] error: <httpProxy> [
  500,
  [Error: Parse Error: Data after `Connection: close`] {
    bytesParsed: 577,
    code: 'HPE_CLOSED_CONNECTION',
    reason: 'Data after `Connection: close`',
    rawPacket: <Buffer 48 54 54 50 2f 31 2e 31 20 34 30 33 20 46 6f 72 62 69 64 64 65 6e 0d 0a 43 61 63 68 65 2d 43 6f 6e 74 72 6f 6c 3a 20 6e 6f 2d 63 61 63 68 65 2c 20 6e ... 3959 more bytes>
  }
]
[2026-03-23T07:25:30.104Z] error: <httpProxy> Error calling http://pihole/...
[2026-03-23T07:25:30.105Z] error: <httpProxy> [
  500,
  [Error: Parse Error: Data after `Connection: close`] {
    bytesParsed: 577,
    code: 'HPE_CLOSED_CONNECTION',
    reason: 'Data after `Connection: close`',
    rawPacket: <Buffer 48 54 54 50 2f 31 2e 31 20 34 30 33 20 46 6f 72 62 69 64 64 65 6e 0d 0a 43 61 63 68 65 2d 43 6f 6e 74 72 6f 6c 3a 20 6e 6f 2d 63 61 63 68 65 2c 20 6e ... 3959 more bytes>
  }
]
[2026-03-23T07:30:15.826Z] error: Host validation failed for: pihole.home.local. Hint: Set the HOMEPAGE_ALLOWED_HOSTS environment variable to allow requests from this host / port.
[2026-03-23T07:30:21.391Z] error: Host validation failed for: pihole.home.local. Hint: Set the HOMEPAGE_ALLOWED_HOSTS environment variable to allow requests from this host / port.
[2026-03-23T07:30:21.453Z] error: Host validation failed for: pihole.home.local. Hint: Set the HOMEPAGE_ALLOWED_HOSTS environment variable to allow requests from this host / port.
[2026-03-23T07:30:21.455Z] error: Host validation failed for: pihole.home.local. Hint: Set the HOMEPAGE_ALLOWED_HOSTS environment variable to allow requests from this host / port.
[2026-03-23T07:30:21.457Z] error: Host validation failed for: pihole.home.local. Hint: Set the HOMEPAGE_ALLOWED_HOSTS environment variable to allow requests from this host / port.
[2026-03-23T07:30:21.468Z] error: Host validation failed for: pihole.home.local. Hint: Set the HOMEPAGE_ALLOWED_HOSTS environment variable to allow requests from this host / port.
[2026-03-23T07:30:21.470Z] error: Host validation failed for: pihole.home.local. Hint: Set the HOMEPAGE_ALLOWED_HOSTS environment variable to allow requests from this host / port.
[2026-03-23T07:30:21.472Z] error: Host validation failed for: pihole.home.local. Hint: Set the HOMEPAGE_ALLOWED_HOSTS environment variable to allow requests from this host / port.
[2026-03-23T07:30:21.474Z] error: Host validation failed for: pihole.home.local. Hint: Set the HOMEPAGE_ALLOWED_HOSTS environment variable to allow requests from this host / port.
[2026-03-23T07:30:21.478Z] error: Host validation failed for: pihole.home.local. Hint: Set the HOMEPAGE_ALLOWED_HOSTS environment variable to allow requests from this host / port.
[2026-03-23T07:30:21.479Z] error: Host validation failed for: pihole.home.local. Hint: Set the HOMEPAGE_ALLOWED_HOSTS environment variable to allow requests from this host / port.
[2026-03-23T07:30:21.485Z] error: Host validation failed for: pihole.home.local. Hint: Set the HOMEPAGE_ALLOWED_HOSTS environment variable to allow requests from this host / port.
[2026-03-23T07:30:21.486Z] error: Host validation failed for: pihole.home.local. Hint: Set the HOMEPAGE_ALLOWED_HOSTS environment variable to allow requests from this host / port.
[2026-03-23T07:30:21.488Z] error: Host validation failed for: pihole.home.local. Hint: Set the HOMEPAGE_ALLOWED_HOSTS environment variable to allow requests from this host / port.
[2026-03-23T07:30:21.490Z] error: Host validation failed for: pihole.home.local. Hint: Set the HOMEPAGE_ALLOWED_HOSTS environment variable to allow requests from this host / port.
[2026-03-23T07:30:21.492Z] error: Host validation failed for: pihole.home.local. Hint: Set the HOMEPAGE_ALLOWED_HOSTS environment variable to allow requests from this host / port.
[2026-03-23T07:30:21.494Z] error: Host validation failed for: pihole.home.local. Hint: Set the HOMEPAGE_ALLOWED_HOSTS environment variable to allow requests from this host / port.
[2026-03-23T07:31:03.973Z] error: Host validation failed for: ha.home.local. Hint: Set the HOMEPAGE_ALLOWED_HOSTS environment variable to allow requests from this host / port.
[2026-03-23T07:31:04.096Z] error: Host validation failed for: ha.home.local. Hint: Set the HOMEPAGE_ALLOWED_HOSTS environment variable to allow requests from this host / port.
[2026-03-23T07:31:04.098Z] error: Host validation failed for: ha.home.local. Hint: Set the HOMEPAGE_ALLOWED_HOSTS environment variable to allow requests from this host / port.
[2026-03-23T07:31:04.101Z] error: Host validation failed for: ha.home.local. Hint: Set the HOMEPAGE_ALLOWED_HOSTS environment variable to allow requests from this host / port.
[2026-03-23T07:31:04.102Z] error: Host validation failed for: ha.home.local. Hint: Set the HOMEPAGE_ALLOWED_HOSTS environment variable to allow requests from this host / port.
[2026-03-23T07:31:04.104Z] error: Host validation failed for: ha.home.local. Hint: Set the HOMEPAGE_ALLOWED_HOSTS environment variable to allow requests from this host / port.
[2026-03-23T07:31:04.107Z] error: Host validation failed for: ha.home.local. Hint: Set the HOMEPAGE_ALLOWED_HOSTS environment variable to allow requests from this host / port.
[2026-03-23T07:31:04.110Z] error: Host validation failed for: ha.home.local. Hint: Set the HOMEPAGE_ALLOWED_HOSTS environment variable to allow requests from this host / port.
[2026-03-23T07:31:04.112Z] error: Host validation failed for: ha.home.local. Hint: Set the HOMEPAGE_ALLOWED_HOSTS environment variable to allow requests from this host / port.
[2026-03-23T07:31:04.115Z] error: Host validation failed for: ha.home.local. Hint: Set the HOMEPAGE_ALLOWED_HOSTS environment variable to allow requests from this host / port.
[2026-03-23T07:31:04.116Z] error: Host validation failed for: ha.home.local. Hint: Set the HOMEPAGE_ALLOWED_HOSTS environment variable to allow requests from this host / port.
[2026-03-23T07:31:04.117Z] error: Host validation failed for: ha.home.local. Hint: Set the HOMEPAGE_ALLOWED_HOSTS environment variable to allow requests from this host / port.
[2026-03-23T07:31:04.125Z] error: Host validation failed for: ha.home.local. Hint: Set the HOMEPAGE_ALLOWED_HOSTS environment variable to allow requests from this host / port.
[2026-03-23T07:31:04.128Z] error: Host validation failed for: ha.home.local. Hint: Set the HOMEPAGE_ALLOWED_HOSTS environment variable to allow requests from this host / port.
[2026-03-23T07:31:04.131Z] error: Host validation failed for: ha.home.local. Hint: Set the HOMEPAGE_ALLOWED_HOSTS environment variable to allow requests from this host / port.
[2026-03-23T07:31:04.143Z] error: Host validation failed for: ha.home.local. Hint: Set the HOMEPAGE_ALLOWED_HOSTS environment variable to allow requests from this host / port.
[2026-03-23T07:31:52.049Z] error: Host validation failed for: ha.home.local. Hint: Set the HOMEPAGE_ALLOWED_HOSTS environment variable to allow requests from this host / port.
[2026-03-23T07:31:52.082Z] error: Host validation failed for: ha.home.local. Hint: Set the HOMEPAGE_ALLOWED_HOSTS environment variable to allow requests from this host / port.
[2026-03-23T07:31:52.084Z] error: Host validation failed for: ha.home.local. Hint: Set the HOMEPAGE_ALLOWED_HOSTS environment variable to allow requests from this host / port.
[2026-03-23T07:31:52.085Z] error: Host validation failed for: ha.home.local. Hint: Set the HOMEPAGE_ALLOWED_HOSTS environment variable to allow requests from this host / port.
[2026-03-23T07:31:52.087Z] error: Host validation failed for: ha.home.local. Hint: Set the HOMEPAGE_ALLOWED_HOSTS environment variable to allow requests from this host / port.
[2026-03-23T07:31:52.096Z] error: Host validation failed for: ha.home.local. Hint: Set the HOMEPAGE_ALLOWED_HOSTS environment variable to allow requests from this host / port.
[2026-03-23T07:31:52.099Z] error: Host validation failed for: ha.home.local. Hint: Set the HOMEPAGE_ALLOWED_HOSTS environment variable to allow requests from this host / port.
[2026-03-23T07:31:52.101Z] error: Host validation failed for: ha.home.local. Hint: Set the HOMEPAGE_ALLOWED_HOSTS environment variable to allow requests from this host / port.
[2026-03-23T07:31:52.106Z] error: Host validation failed for: ha.home.local. Hint: Set the HOMEPAGE_ALLOWED_HOSTS environment variable to allow requests from this host / port.
[2026-03-23T07:31:52.111Z] error: Host validation failed for: ha.home.local. Hint: Set the HOMEPAGE_ALLOWED_HOSTS environment variable to allow requests from this host / port.
[2026-03-23T07:31:52.114Z] error: Host validation failed for: ha.home.local. Hint: Set the HOMEPAGE_ALLOWED_HOSTS environment variable to allow requests from this host / port.
[2026-03-23T07:31:52.115Z] error: Host validation failed for: ha.home.local. Hint: Set the HOMEPAGE_ALLOWED_HOSTS environment variable to allow requests from this host / port.
[2026-03-23T07:31:52.119Z] error: Host validation failed for: ha.home.local. Hint: Set the HOMEPAGE_ALLOWED_HOSTS environment variable to allow requests from this host / port.
[2026-03-23T07:31:52.120Z] error: Host validation failed for: ha.home.local. Hint: Set the HOMEPAGE_ALLOWED_HOSTS environment variable to allow requests from this host / port.
[2026-03-23T07:31:52.122Z] error: Host validation failed for: ha.home.local. Hint: Set the HOMEPAGE_ALLOWED_HOSTS environment variable to allow requests from this host / port.
[2026-03-23T07:31:52.125Z] error: Host validation failed for: ha.home.local. Hint: Set the HOMEPAGE_ALLOWED_HOSTS environment variable to allow requests from this host / port.
[2026-03-23T07:31:52.128Z] error: Host validation failed for: ha.home.local. Hint: Set the HOMEPAGE_ALLOWED_HOSTS environment variable to allow requests from this host / port.
[2026-03-23T07:35:38.223Z] error: Host validation failed for: ha.home.local. Hint: Set the HOMEPAGE_ALLOWED_HOSTS environment variable to allow requests from this host / port.
[2026-03-23T07:35:38.242Z] error: Host validation failed for: ha.home.local. Hint: Set the HOMEPAGE_ALLOWED_HOSTS environment variable to allow requests from this host / port.
[2026-03-23T07:35:38.244Z] error: Host validation failed for: ha.home.local. Hint: Set the HOMEPAGE_ALLOWED_HOSTS environment variable to allow requests from this host / port.
[2026-03-23T07:35:38.247Z] error: Host validation failed for: ha.home.local. Hint: Set the HOMEPAGE_ALLOWED_HOSTS environment variable to allow requests from this host / port.
[2026-03-23T07:35:38.249Z] error: Host validation failed for: ha.home.local. Hint: Set the HOMEPAGE_ALLOWED_HOSTS environment variable to allow requests from this host / port.
[2026-03-23T07:35:38.251Z] error: Host validation failed for: ha.home.local. Hint: Set the HOMEPAGE_ALLOWED_HOSTS environment variable to allow requests from this host / port.
[2026-03-23T07:35:38.253Z] error: Host validation failed for: ha.home.local. Hint: Set the HOMEPAGE_ALLOWED_HOSTS environment variable to allow requests from this host / port.
[2026-03-23T07:35:38.256Z] error: Host validation failed for: ha.home.local. Hint: Set the HOMEPAGE_ALLOWED_HOSTS environment variable to allow requests from this host / port.
[2026-03-23T07:35:38.257Z] error: Host validation failed for: ha.home.local. Hint: Set the HOMEPAGE_ALLOWED_HOSTS environment variable to allow requests from this host / port.
[2026-03-23T07:35:38.259Z] error: Host validation failed for: ha.home.local. Hint: Set the HOMEPAGE_ALLOWED_HOSTS environment variable to allow requests from this host / port.
[2026-03-23T07:35:38.263Z] error: Host validation failed for: ha.home.local. Hint: Set the HOMEPAGE_ALLOWED_HOSTS environment variable to allow requests from this host / port.
[2026-03-23T07:35:38.265Z] error: Host validation failed for: ha.home.local. Hint: Set the HOMEPAGE_ALLOWED_HOSTS environment variable to allow requests from this host / port.
[2026-03-23T07:35:38.268Z] error: Host validation failed for: ha.home.local. Hint: Set the HOMEPAGE_ALLOWED_HOSTS environment variable to allow requests from this host / port.
[2026-03-23T07:35:38.272Z] error: Host validation failed for: ha.home.local. Hint: Set the HOMEPAGE_ALLOWED_HOSTS environment variable to allow requests from this host / port.
[2026-03-23T07:35:38.274Z] error: Host validation failed for: ha.home.local. Hint: Set the HOMEPAGE_ALLOWED_HOSTS environment variable to allow requests from this host / port.
[2026-03-23T07:35:38.276Z] error: Host validation failed for: ha.home.local. Hint: Set the HOMEPAGE_ALLOWED_HOSTS environment variable to allow requests from this host / port.
[2026-03-23T07:35:38.282Z] error: Host validation failed for: ha.home.local. Hint: Set the HOMEPAGE_ALLOWED_HOSTS environment variable to allow requests from this host / port.
